0 info it worked if it ends with ok
1 verbose cli [ 'node', '/usr/local/bin/npm', 'install', '-g', 'twilio' ]
2 info using npm@2.5.1
3 info using node@v0.12.0
4 silly cache add args [ 'twilio', null ]
5 verbose cache add spec twilio
6 silly cache add parsed spec { raw: 'twilio',
6 silly cache add   scope: null,
6 silly cache add   name: 'twilio',
6 silly cache add   rawSpec: '',
6 silly cache add   spec: '*',
6 silly cache add   type: 'range' }
7 verbose addNamed twilio@*
8 silly addNamed semver.valid null
9 silly addNamed semver.validRange *
10 silly addNameRange { name: 'twilio', range: '*', hasData: false }
11 silly mapToRegistry name twilio
12 silly mapToRegistry using default registry
13 silly mapToRegistry registry https://registry.npmjs.org/
14 silly mapToRegistry uri https://registry.npmjs.org/twilio
15 verbose addNameRange registry:https://registry.npmjs.org/twilio not in flight; fetching
16 verbose request uri https://registry.npmjs.org/twilio
17 verbose request no auth needed
18 info attempt registry request try #1 at 2:42:39 PM
19 verbose request id c1583889f8de8b37
20 http request GET https://registry.npmjs.org/twilio
21 http 200 https://registry.npmjs.org/twilio
22 silly get cb [ 200,
22 silly get   { date: 'Wed, 01 Apr 2015 18:42:40 GMT',
22 silly get     server: 'CouchDB/1.5.0 (Erlang OTP/R16B03)',
22 silly get     etag: '"ACWDQWSJNYLU9ZPDA0LQNY76N"',
22 silly get     'content-type': 'application/json',
22 silly get     'cache-control': 'max-age=60',
22 silly get     'content-length': '35032',
22 silly get     'accept-ranges': 'bytes',
22 silly get     via: '1.1 varnish',
22 silly get     age: '53',
22 silly get     'x-served-by': 'cache-dfw1833-DFW',
22 silly get     'x-cache': 'HIT',
22 silly get     'x-cache-hits': '1',
22 silly get     'x-timer': 'S1427913760.594785,VS0,VE0',
22 silly get     vary: 'Accept',
22 silly get     'keep-alive': 'timeout=10, max=50',
22 silly get     connection: 'Keep-Alive' } ]
23 verbose get saving twilio to /Users/tariqueansari/.npm/registry.npmjs.org/twilio/.cache.json
24 silly addNameRange number 2 { name: 'twilio', range: '*', hasData: true }
25 silly addNameRange versions [ 'twilio',
25 silly addNameRange   [ '0.0.0',
25 silly addNameRange     '0.0.1',
25 silly addNameRange     '0.0.3',
25 silly addNameRange     '0.0.4',
25 silly addNameRange     '0.2.0',
25 silly addNameRange     '0.3.0',
25 silly addNameRange     '0.4.0',
25 silly addNameRange     '0.3.3',
25 silly addNameRange     '0.4.1',
25 silly addNameRange     '0.5.0',
25 silly addNameRange     '0.6.0',
25 silly addNameRange     '0.6.1',
25 silly addNameRange     '0.6.2',
25 silly addNameRange     '0.7.0',
25 silly addNameRange     '0.7.1',
25 silly addNameRange     '0.8.0',
25 silly addNameRange     '0.8.1',
25 silly addNameRange     '1.0.0',
25 silly addNameRange     '1.0.1',
25 silly addNameRange     '1.1.0',
25 silly addNameRange     '1.1.1',
25 silly addNameRange     '1.1.2',
25 silly addNameRange     '1.1.3',
25 silly addNameRange     '1.1.4',
25 silly addNameRange     '1.2.0',
25 silly addNameRange     '1.3.0',
25 silly addNameRange     '1.4.0',
25 silly addNameRange     '1.5.0',
25 silly addNameRange     '1.6.0',
25 silly addNameRange     '1.7.0',
25 silly addNameRange     '1.8.0',
25 silly addNameRange     '1.9.0',
25 silly addNameRange     '1.10.0',
25 silly addNameRange     '1.11.0',
25 silly addNameRange     '1.11.1' ] ]
26 verbose addNamed twilio@1.11.1
27 silly addNamed semver.valid 1.11.1
28 silly addNamed semver.validRange 1.11.1
29 silly mapToRegistry name twilio
30 silly mapToRegistry using default registry
31 silly mapToRegistry registry https://registry.npmjs.org/
32 silly mapToRegistry uri https://registry.npmjs.org/twilio
33 verbose addRemoteTarball https://registry.npmjs.org/twilio/-/twilio-1.11.1.tgz not in flight; adding
34 verbose addRemoteTarball [ 'https://registry.npmjs.org/twilio/-/twilio-1.11.1.tgz',
34 verbose addRemoteTarball   '70e603d1a61d345bd61c8ee39a277f9605188c56' ]
35 info retry fetch attempt 1 at 2:42:41 PM
36 info attempt registry request try #1 at 2:42:41 PM
37 http fetch GET https://registry.npmjs.org/twilio/-/twilio-1.11.1.tgz
38 http fetch 200 https://registry.npmjs.org/twilio/-/twilio-1.11.1.tgz
39 silly fetchAndShaCheck shasum 70e603d1a61d345bd61c8ee39a277f9605188c56
40 verbose addTmpTarball /var/folders/lf/k0d0z2yn12b36gqp_5dqcsr40000gn/T/npm-42652-c6524540/registry.npmjs.org/twilio/-/twilio-1.11.1.tgz not in flight; adding
41 verbose addTmpTarball already have metadata; skipping unpack for twilio@1.11.1
42 silly cache afterAdd twilio@1.11.1
43 verbose afterAdd /Users/tariqueansari/.npm/twilio/1.11.1/package/package.json not in flight; writing
44 verbose afterAdd /Users/tariqueansari/.npm/twilio/1.11.1/package/package.json written
45 silly install resolved [ { name: 'twilio',
45 silly install resolved     description: 'A Twilio helper library',
45 silly install resolved     version: '1.11.1',
45 silly install resolved     author: { name: 'Kevin Whinnery', email: 'kevin.whinnery@gmail.com' },
45 silly install resolved     contributors: [ [Object] ],
45 silly install resolved     repository:
45 silly install resolved      { type: 'git',
45 silly install resolved        url: 'https://github.com/twilio/twilio-node.git' },
45 silly install resolved     dependencies:
45 silly install resolved      { request: '2.27.x',
45 silly install resolved        underscore: '1.x',
45 silly install resolved        'jwt-simple': '0.1.x',
45 silly install resolved        q: '0.9.7',
45 silly install resolved        scmp: '0.0.3' },
45 silly install resolved     devDependencies: { express: '3.x', 'jasmine-node': '*' },
45 silly install resolved     scripts: { test: 'jasmine-node spec' },
45 silly install resolved     main: './lib',
45 silly install resolved     engines: { node: '>=0.8.0' },
45 silly install resolved     gitHead: '2095db4ff7ac8da238e66b8211067e58c8f9a742',
45 silly install resolved     bugs: { url: 'https://github.com/twilio/twilio-node/issues' },
45 silly install resolved     homepage: 'https://github.com/twilio/twilio-node',
45 silly install resolved     _id: 'twilio@1.11.1',
45 silly install resolved     _shasum: '70e603d1a61d345bd61c8ee39a277f9605188c56',
45 silly install resolved     _from: 'twilio@*',
45 silly install resolved     _npmVersion: '1.4.28',
45 silly install resolved     _npmUser: { name: 'kwhinnery', email: 'kevin.whinnery@gmail.com' },
45 silly install resolved     maintainers: [ [Object], [Object] ],
45 silly install resolved     dist:
45 silly install resolved      { shasum: '70e603d1a61d345bd61c8ee39a277f9605188c56',
45 silly install resolved        tarball: 'http://registry.npmjs.org/twilio/-/twilio-1.11.1.tgz' },
45 silly install resolved     directories: {},
45 silly install resolved     _resolved: 'https://registry.npmjs.org/twilio/-/twilio-1.11.1.tgz' } ]
46 info install twilio@1.11.1 into /usr/local/lib
47 info installOne twilio@1.11.1
48 verbose installOne of twilio to /usr/local/lib not in flight; installing
49 verbose lock using /Users/tariqueansari/.npm/_locks/twilio-6063fbb2b66679f2.lock for /usr/local/lib/node_modules/twilio
50 silly install write writing twilio 1.11.1 to /usr/local/lib/node_modules/twilio
51 silly cache addNamed cb twilio@1.11.1
52 verbose unbuild lib/node_modules/twilio
53 verbose gentlyRm vacuuming /usr/local/lib/node_modules/twilio
54 verbose tar unpack /Users/tariqueansari/.npm/twilio/1.11.1/package.tgz
55 verbose tar unpacking to /usr/local/lib/node_modules/twilio
56 verbose gentlyRm vacuuming /usr/local/lib/node_modules/twilio
57 silly gunzTarPerm modes [ '755', '644' ]
58 error tar.unpack untar error /Users/tariqueansari/.npm/twilio/1.11.1/package.tgz
59 verbose unlock done using /Users/tariqueansari/.npm/_locks/twilio-6063fbb2b66679f2.lock for /usr/local/lib/node_modules/twilio
60 verbose fstream_path /usr/local/lib/node_modules/twilio
61 verbose fstream_type Directory
62 verbose fstream_class DirWriter
63 verbose stack Error: EACCES, mkdir '/usr/local/lib/node_modules/twilio'
63 verbose stack     at Error (native)
64 verbose fstream_stack /usr/local/lib/node_modules/npm/node_modules/fstream/lib/dir-writer.js:36:23
64 verbose fstream_stack /usr/local/lib/node_modules/npm/node_modules/mkdirp/index.js:46:53
64 verbose fstream_stack FSReqWrap.oncomplete (fs.js:99:15)
65 verbose cwd /Volumes/Data/Projects/carsure/api
66 error Darwin 13.4.0
67 error argv "node" "/usr/local/bin/npm" "install" "-g" "twilio"
68 error node v0.12.0
69 error npm  v2.5.1
70 error path /usr/local/lib/node_modules/twilio
71 error code EACCES
72 error errno -13
73 error Error: EACCES, mkdir '/usr/local/lib/node_modules/twilio'
73 error     at Error (native)
73 error  { [Error: EACCES, mkdir '/usr/local/lib/node_modules/twilio']
73 error   errno: -13,
73 error   code: 'EACCES',
73 error   path: '/usr/local/lib/node_modules/twilio',
73 error   fstream_type: 'Directory',
73 error   fstream_path: '/usr/local/lib/node_modules/twilio',
73 error   fstream_class: 'DirWriter',
73 error   fstream_stack:
73 error    [ '/usr/local/lib/node_modules/npm/node_modules/fstream/lib/dir-writer.js:36:23',
73 error      '/usr/local/lib/node_modules/npm/node_modules/mkdirp/index.js:46:53',
73 error      'FSReqWrap.oncomplete (fs.js:99:15)' ] }
74 error Please try running this command again as root/Administrator.
75 verbose exit [ -13, true ]
76 verbose unbuild lib/node_modules/twilio
77 verbose gentlyRm vacuuming /usr/local/lib/node_modules/twilio
